c:\users\keuun\in2026cw1\in2026 coursework code\lib\engine.pdb
c:\users\keuun\in2026cw1\in2026 coursework code\vc\engine\release\sprite.obj
c:\users\keuun\in2026cw1\in2026 coursework code\vc\engine\release\shape.obj
c:\users\keuun\in2026cw1\in2026 coursework code\vc\engine\release\movementcontroller.obj
c:\users\keuun\in2026cw1\in2026 coursework code\vc\engine\release\imagemanager.obj
c:\users\keuun\in2026cw1\in2026 coursework code\vc\engine\release\image.obj
c:\users\keuun\in2026cw1\in2026 coursework code\vc\engine\release\guilabel.obj
c:\users\keuun\in2026cw1\in2026 coursework code\vc\engine\release\guiicon.obj
c:\users\keuun\in2026cw1\in2026 coursework code\vc\engine\release\guicontainer.obj
c:\users\keuun\in2026cw1\in2026 coursework code\vc\engine\release\guicomponent.obj
c:\users\keuun\in2026cw1\in2026 coursework code\vc\engine\release\glvector.obj
c:\users\keuun\in2026cw1\in2026 coursework code\vc\engine\release\glutwindow.obj
c:\users\keuun\in2026cw1\in2026 coursework code\vc\engine\release\glutsession.obj
c:\users\keuun\in2026cw1\in2026 coursework code\vc\engine\release\gameworld.obj
c:\users\keuun\in2026cw1\in2026 coursework code\vc\engine\release\gamewindow.obj
c:\users\keuun\in2026cw1\in2026 coursework code\vc\engine\release\gamesession.obj
c:\users\keuun\in2026cw1\in2026 coursework code\vc\engine\release\gameobjecttype.obj
c:\users\keuun\in2026cw1\in2026 coursework code\vc\engine\release\gameobject.obj
c:\users\keuun\in2026cw1\in2026 coursework code\vc\engine\release\gamedisplay.obj
c:\users\keuun\in2026cw1\in2026 coursework code\vc\engine\release\animationmanager.obj
c:\users\keuun\in2026cw1\in2026 coursework code\vc\engine\release\animation.obj
c:\users\keuun\in2026cw1\in2026 coursework code\vc\engine\release\texturemanager.obj
c:\users\keuun\in2026cw1\in2026 coursework code\vc\engine\release\texture.obj
c:\users\keuun\in2026cw1\in2026 coursework code\lib\engine.lib
c:\users\keuun\in2026cw1\in2026 coursework code\vc\asteroids\release\..\..\..\lib\engine.pdb
c:\users\keuun\in2026cw1\in2026 coursework code\vc\engine\release\engine.tlog\cl.command.1.tlog
c:\users\keuun\in2026cw1\in2026 coursework code\vc\engine\release\engine.tlog\cl.items.tlog
c:\users\keuun\in2026cw1\in2026 coursework code\vc\engine\release\engine.tlog\cl.read.1.tlog
c:\users\keuun\in2026cw1\in2026 coursework code\vc\engine\release\engine.tlog\cl.write.1.tlog
c:\users\keuun\in2026cw1\in2026 coursework code\vc\engine\release\engine.tlog\lib-link.write.1.tlog
c:\users\keuun\in2026cw1\in2026 coursework code\vc\engine\release\engine.tlog\lib.command.1.tlog
c:\users\keuun\in2026cw1\in2026 coursework code\vc\engine\release\engine.tlog\lib.read.1.tlog
